<?xml version="1.0" encoding="UTF-8"?>
<!-- Generated by org.testng.reporters.JUnitXMLReporter -->
<testsuite ignored="0" hostname="LAPTOP-DGILBU4I" failures="0" tests="5" name="Test" time="104.258" errors="0" timestamp="2025-05-07T21:28:37 IST">
  <testcase classname="TestCases.QALegendProjectsTest" name="addNewProjects" time="7.916"/>
  <testcase classname="TestCases.QALegendProjectsTest" name="addNewProjectsEdit" time="9.347"/>
  <testcase classname="TestCases.QALegendProjectsTest" name="projectStatusChangeandDelete" time="22.004"/>
  <testcase classname="TestCases.QALegendUserMyProfileTest" name="userMyProfileOption" time="10.1"/>
  <testcase classname="TestCases.QALegendUserMyProfileTest" name="approveLeave" time="6.851"/>
</testsuite> <!-- Test -->
