<?xml version="1.0" encoding="UTF-8"?>
<testng-results ignored="0" total="5" passed="5" failed="0" skipped="0">
  <reporter-output>
  </reporter-output>
  <suite started-at="2025-05-07T21:26:53 IST" name="Suite" finished-at="2025-05-07T21:28:37 IST" duration-ms="104258">
    <groups>
      <group name="regression">
        <method signature="QALegendProjectsTest.addNewProjects()[pri:1, instance:TestCases.QALegendProjectsTest@54d9d12d]" name="addNewProjects" class="TestCases.QALegendProjectsTest"/>
        <method signature="QALegendProjectsTest.addNewProjectsEdit()[pri:2, instance:TestCases.QALegendProjectsTest@54d9d12d]" name="addNewProjectsEdit" class="TestCases.QALegendProjectsTest"/>
        <method signature="QALegendUserMyProfileTest.approveLeave()[pri:2, instance:TestCases.QALegendUserMyProfileTest@3857f613]" name="approveLeave" class="TestCases.QALegendUserMyProfileTest"/>
        <method signature="QALegendProjectsTest.projectStatusChangeandDelete()[pri:3, instance:TestCases.QALegendProjectsTest@54d9d12d]" name="projectStatusChangeandDelete" class="TestCases.QALegendProjectsTest"/>
      </group> <!-- regression -->
      <group name="sanity">
        <method signature="QALegendUserMyProfileTest.userMyProfileOption()[pri:1, instance:TestCases.QALegendUserMyProfileTest@3857f613]" name="userMyProfileOption" class="TestCases.QALegendUserMyProfileTest"/>
      </group> <!-- sanity -->
    </groups>
    <test started-at="2025-05-07T21:26:53 IST" name="Test" finished-at="2025-05-07T21:28:37 IST" duration-ms="104258">
      <class name="TestCases.QALegendUserMyProfileTest">
        <test-method is-config="true" signature="initiliazation(java.lang.String)[pri:0, instance:TestCases.QALegendUserMyProfileTest@3857f613]" started-at="2025-05-07T21:27:44 IST" name="initiliazation" finished-at="2025-05-07T21:28:16 IST" duration-ms="32400" status="PASS">
          <params>
            <param index="0">
              <value>
                <![CDATA[chrome]]>
              </value>
            </param>
          </params>
          <reporter-output>
          </reporter-output>
        </test-method> <!-- initiliazation -->
        <test-method signature="userMyProfileOption()[pri:1, instance:TestCases.QALegendUserMyProfileTest@3857f613]" started-at="2025-05-07T21:28:16 IST" name="userMyProfileOption" finished-at="2025-05-07T21:28:26 IST" duration-ms="10100" status="PASS">
          <reporter-output>
          </reporter-output>
        </test-method> <!-- userMyProfileOption -->
        <test-method is-config="true" signature="afterMethod(org.testng.ITestResult)[pri:0, instance:TestCases.QALegendUserMyProfileTest@3857f613]" started-at="2025-05-07T21:28:26 IST" name="afterMethod" finished-at="2025-05-07T21:28:26 IST" duration-ms="256" status="PASS">
          <params>
            <param index="0">
              <value>
                <![CDATA[[TestResult name=userMyProfileOption status=SUCCESS method=QALegendUserMyProfileTest.userMyProfileOption()[pri:1, instance:TestCases.QALegendUserMyProfileTest@3857f613] output={null}]]]>
              </value>
            </param>
          </params>
          <reporter-output>
          </reporter-output>
        </test-method> <!-- afterMethod -->
        <test-method is-config="true" signature="initiliazation(java.lang.String)[pri:0, instance:TestCases.QALegendUserMyProfileTest@3857f613]" started-at="2025-05-07T21:28:26 IST" name="initiliazation" finished-at="2025-05-07T21:28:30 IST" duration-ms="3770" status="PASS">
          <params>
            <param index="0">
              <value>
                <![CDATA[chrome]]>
              </value>
            </param>
          </params>
          <reporter-output>
          </reporter-output>
        </test-method> <!-- initiliazation -->
        <test-method signature="approveLeave()[pri:2, instance:TestCases.QALegendUserMyProfileTest@3857f613]" started-at="2025-05-07T21:28:30 IST" name="approveLeave" finished-at="2025-05-07T21:28:37 IST" duration-ms="6851" status="PASS">
          <reporter-output>
          </reporter-output>
        </test-method> <!-- approveLeave -->
        <test-method is-config="true" signature="afterMethod(org.testng.ITestResult)[pri:0, instance:TestCases.QALegendUserMyProfileTest@3857f613]" started-at="2025-05-07T21:28:37 IST" name="afterMethod" finished-at="2025-05-07T21:28:37 IST" duration-ms="236" status="PASS">
          <params>
            <param index="0">
              <value>
                <![CDATA[[TestResult name=approveLeave status=SUCCESS method=QALegendUserMyProfileTest.approveLeave()[pri:2, instance:TestCases.QALegendUserMyProfileTest@3857f613] output={null}]]]>
              </value>
            </param>
          </params>
          <reporter-output>
          </reporter-output>
        </test-method> <!-- afterMethod -->
      </class> <!-- TestCases.QALegendUserMyProfileTest -->
      <class name="TestCases.QALegendProjectsTest">
        <test-method is-config="true" signature="initiliazation(java.lang.String)[pri:0, instance:TestCases.QALegendProjectsTest@54d9d12d]" started-at="2025-05-07T21:26:53 IST" name="initiliazation" finished-at="2025-05-07T21:26:57 IST" duration-ms="3697" status="PASS">
          <params>
            <param index="0">
              <value>
                <![CDATA[chrome]]>
              </value>
            </param>
          </params>
          <reporter-output>
          </reporter-output>
        </test-method> <!-- initiliazation -->
        <test-method signature="addNewProjects()[pri:1, instance:TestCases.QALegendProjectsTest@54d9d12d]" started-at="2025-05-07T21:26:57 IST" name="addNewProjects" finished-at="2025-05-07T21:27:05 IST" duration-ms="7916" status="PASS">
          <reporter-output>
          </reporter-output>
        </test-method> <!-- addNewProjects -->
        <test-method is-config="true" signature="afterMethod(org.testng.ITestResult)[pri:0, instance:TestCases.QALegendProjectsTest@54d9d12d]" started-at="2025-05-07T21:27:05 IST" name="afterMethod" finished-at="2025-05-07T21:27:05 IST" duration-ms="267" status="PASS">
          <params>
            <param index="0">
              <value>
                <![CDATA[[TestResult name=addNewProjects status=SUCCESS method=QALegendProjectsTest.addNewProjects()[pri:1, instance:TestCases.QALegendProjectsTest@54d9d12d] output={null}]]]>
              </value>
            </param>
          </params>
          <reporter-output>
          </reporter-output>
        </test-method> <!-- afterMethod -->
        <test-method is-config="true" signature="initiliazation(java.lang.String)[pri:0, instance:TestCases.QALegendProjectsTest@54d9d12d]" started-at="2025-05-07T21:27:05 IST" name="initiliazation" finished-at="2025-05-07T21:27:08 IST" duration-ms="2790" status="PASS">
          <params>
            <param index="0">
              <value>
                <![CDATA[chrome]]>
              </value>
            </param>
          </params>
          <reporter-output>
          </reporter-output>
        </test-method> <!-- initiliazation -->
        <test-method signature="addNewProjectsEdit()[pri:2, instance:TestCases.QALegendProjectsTest@54d9d12d]" started-at="2025-05-07T21:27:08 IST" name="addNewProjectsEdit" finished-at="2025-05-07T21:27:17 IST" duration-ms="9347" status="PASS">
          <reporter-output>
          </reporter-output>
        </test-method> <!-- addNewProjectsEdit -->
        <test-method is-config="true" signature="afterMethod(org.testng.ITestResult)[pri:0, instance:TestCases.QALegendProjectsTest@54d9d12d]" started-at="2025-05-07T21:27:17 IST" name="afterMethod" finished-at="2025-05-07T21:27:19 IST" duration-ms="1786" status="PASS">
          <params>
            <param index="0">
              <value>
                <![CDATA[[TestResult name=addNewProjectsEdit status=SUCCESS method=QALegendProjectsTest.addNewProjectsEdit()[pri:2, instance:TestCases.QALegendProjectsTest@54d9d12d] output={null}]]]>
              </value>
            </param>
          </params>
          <reporter-output>
          </reporter-output>
        </test-method> <!-- afterMethod -->
        <test-method is-config="true" signature="initiliazation(java.lang.String)[pri:0, instance:TestCases.QALegendProjectsTest@54d9d12d]" started-at="2025-05-07T21:27:19 IST" name="initiliazation" finished-at="2025-05-07T21:27:21 IST" duration-ms="2505" status="PASS">
          <params>
            <param index="0">
              <value>
                <![CDATA[chrome]]>
              </value>
            </param>
          </params>
          <reporter-output>
          </reporter-output>
        </test-method> <!-- initiliazation -->
        <test-method signature="projectStatusChangeandDelete()[pri:3, instance:TestCases.QALegendProjectsTest@54d9d12d]" started-at="2025-05-07T21:27:21 IST" name="projectStatusChangeandDelete" finished-at="2025-05-07T21:27:43 IST" duration-ms="22004" status="PASS">
          <reporter-output>
          </reporter-output>
        </test-method> <!-- projectStatusChangeandDelete -->
        <test-method is-config="true" signature="afterMethod(org.testng.ITestResult)[pri:0, instance:TestCases.QALegendProjectsTest@54d9d12d]" started-at="2025-05-07T21:27:43 IST" name="afterMethod" finished-at="2025-05-07T21:27:44 IST" duration-ms="223" status="PASS">
          <params>
            <param index="0">
              <value>
                <![CDATA[[TestResult name=projectStatusChangeandDelete status=SUCCESS method=QALegendProjectsTest.projectStatusChangeandDelete()[pri:3, instance:TestCases.QALegendProjectsTest@54d9d12d] output={null}]]]>
              </value>
            </param>
          </params>
          <reporter-output>
          </reporter-output>
        </test-method> <!-- afterMethod -->
      </class> <!-- TestCases.QALegendProjectsTest -->
    </test> <!-- Test -->
  </suite> <!-- Suite -->
</testng-results>
